<?xml version="1.0" encoding="UTF-8"?>
<!-- Generated by org.testng.reporters.JUnitXMLReporter -->
<testsuite hostname="DESKTOP-3IDHVFP" ignored="0" name="chrome test" tests="3" failures="0" timestamp="2019-09-15T17:49:15 EDT" time="0.057" errors="0">
  <testcase name="OpenBrowser" time="0.015" classname="tests.DependsOnTests"/>
  <testcase name="SignIn" time="0.001" classname="tests.DependsOnTests"/>
  <testcase name="LogOut" time="0.001" classname="tests.DependsOnTests"/>
</testsuite> <!-- chrome test -->
